# JRE version: Java(TM) SE Runtime Environment (7.0_51-b13) (build 1.7.0_51-b13)
# Java VM: Java HotSpot(TM) 64-Bit Server VM (24.51-b03 mixed mode bsd-amd64 compressed oops)
Heap
 PSYoungGen      total 18432K, used 6293K [0x00000007eaa80000, 0x00000007ebf00000, 0x0000000800000000)
  eden space 16896K, 33% used [0x00000007eaa80000,0x00000007eaffd420,0x00000007ebb00000)
  from space 1536K, 43% used [0x00000007ebd80000,0x00000007ebe28000,0x00000007ebf00000)
  to   space 2048K, 0% used [0x00000007ebb00000,0x00000007ebb00000,0x00000007ebd00000)
 ParOldGen       total 34304K, used 12764K [0x00000007c0000000, 0x00000007c2180000, 0x00000007eaa80000)
  object space 34304K, 37% used [0x00000007c0000000,0x00000007c0c77200,0x00000007c2180000)
 PSPermGen       total 32256K, used 15906K [0x00000007bae00000, 0x00000007bcd80000, 0x00000007c0000000)
  object space 32256K, 49% used [0x00000007bae00000,0x00000007bbd88b28,0x00000007bcd80000)
GC Heap History (10 events):
Event: 51.538 GC heap before
{Heap before GC invocations=93 (full 1):
 PSYoungGen      total 17920K, used 17568K [0x00000007eaa80000, 0x00000007ec000000, 0x0000000800000000)
  eden space 16896K, 100% used [0x00000007eaa80000,0x00000007ebb00000,0x00000007ebb00000)
  from space 1024K, 65% used [0x00000007ebb00000,0x00000007ebba8000,0x00000007ebc00000)
  to   space 2560K, 0% used [0x00000007ebd80000,0x00000007ebd80000,0x00000007ec000000)
 ParOldGen       total 34304K, used 12636K [0x00000007c0000000, 0x00000007c2180000, 0x00000007eaa80000)
  object space 34304K, 36% used [0x00000007c0000000,0x00000007c0c57200,0x00000007c2180000)
 PSPermGen       total 32256K, used 15892K [0x00000007bae00000, 0x00000007bcd80000, 0x00000007c0000000)
  object space 32256K, 49% used [0x00000007bae00000,0x00000007bbd851b0,0x00000007bcd80000)
Event: 51.541 GC heap after
Heap after GC invocations=93 (full 1):
 PSYoungGen      total 19456K, used 672K [0x00000007eaa80000, 0x00000007ec000000, 0x0000000800000000)
  eden space 16896K, 0% used [0x00000007eaa80000,0x00000007eaa80000,0x00000007ebb00000)
  from space 2560K, 26% used [0x00000007ebd80000,0x00000007ebe28000,0x00000007ec000000)
  to   space 2560K, 0% used [0x00000007ebb00000,0x00000007ebb00000,0x00000007ebd80000)
 ParOldGen       total 34304K, used 12668K [0x00000007c0000000, 0x00000007c2180000, 0x00000007eaa80000)
  object space 34304K, 36% used [0x00000007c0000000,0x00000007c0c5f200,0x00000007c2180000)
 PSPermGen       total 32256K, used 15892K [0x00000007bae00000, 0x00000007bcd80000, 0x00000007c0000000)
  object space 32256K, 49% used [0x00000007bae00000,0x00000007bbd851b0,0x00000007bcd80000)
}
Event: 52.321 GC heap before
{Heap before GC invocations=94 (full 1):
 PSYoungGen      total 19456K, used 17568K [0x00000007eaa80000, 0x00000007ec000000, 0x0000000800000000)
  eden space 16896K, 100% used [0x00000007eaa80000,0x00000007ebb00000,0x00000007ebb00000)
  from space 2560K, 26% used [0x00000007ebd80000,0x00000007ebe28000,0x00000007ec000000)
  to   space 2560K, 0% used [0x00000007ebb00000,0x00000007ebb00000,0x00000007ebd80000)
 ParOldGen       total 34304K, used 12668K [0x00000007c0000000, 0x00000007c2180000, 0x00000007eaa80000)
  object space 34304K, 36% used [0x00000007c0000000,0x00000007c0c5f200,0x00000007c2180000)
 PSPermGen       total 32256K, used 15893K [0x00000007bae00000, 0x00000007bcd80000, 0x00000007c0000000)
  object space 32256K, 49% used [0x00000007bae00000,0x00000007bbd85670,0x00000007bcd80000)
Event: 52.324 GC heap after
Heap after GC invocations=94 (full 1):
 PSYoungGen      total 19456K, used 672K [0x00000007eaa80000, 0x00000007ec000000, 0x0000000800000000)
  eden space 16896K, 0% used [0x00000007eaa80000,0x00000007eaa80000,0x00000007ebb00000)
  from space 2560K, 26% used [0x00000007ebb00000,0x00000007ebba8000,0x00000007ebd80000)
  to   space 2560K, 0% used [0x00000007ebd80000,0x00000007ebd80000,0x00000007ec000000)
 ParOldGen       total 34304K, used 12692K [0x00000007c0000000, 0x00000007c2180000, 0x00000007eaa80000)
  object space 34304K, 37% used [0x00000007c0000000,0x00000007c0c65200,0x00000007c2180000)
 PSPermGen       total 32256K, used 15893K [0x00000007bae00000, 0x00000007bcd80000, 0x00000007c0000000)
  object space 32256K, 49% used [0x00000007bae00000,0x00000007bbd85670,0x00000007bcd80000)
}
Event: 53.104 GC heap before
{Heap before GC invocations=95 (full 1):
 PSYoungGen      total 19456K, used 17568K [0x00000007eaa80000, 0x00000007ec000000, 0x0000000800000000)
  eden space 16896K, 100% used [0x00000007eaa80000,0x00000007ebb00000,0x00000007ebb00000)
  from space 2560K, 26% used [0x00000007ebb00000,0x00000007ebba8000,0x00000007ebd80000)
  to   space 2560K, 0% used [0x00000007ebd80000,0x00000007ebd80000,0x00000007ec000000)
 ParOldGen       total 34304K, used 12692K [0x00000007c0000000, 0x00000007c2180000, 0x00000007eaa80000)
  object space 34304K, 37% used [0x00000007c0000000,0x00000007c0c65200,0x00000007c2180000)
 PSPermGen       total 32256K, used 15898K [0x00000007bae00000, 0x00000007bcd80000, 0x00000007c0000000)
  object space 32256K, 49% used [0x00000007bae00000,0x00000007bbd868b8,0x00000007bcd80000)
Event: 53.108 GC heap after
Heap after GC invocations=95 (full 1):
 PSYoungGen      total 19456K, used 672K [0x00000007eaa80000, 0x00000007ec000000, 0x0000000800000000)
  eden space 16896K, 0% used [0x00000007eaa80000,0x00000007eaa80000,0x00000007ebb00000)
  from space 2560K, 26% used [0x00000007ebd80000,0x00000007ebe28000,0x00000007ec000000)
  to   space 2560K, 0% used [0x00000007ebb00000,0x00000007ebb00000,0x00000007ebd80000)
 ParOldGen       total 34304K, used 12716K [0x00000007c0000000, 0x00000007c2180000, 0x00000007eaa80000)
  object space 34304K, 37% used [0x00000007c0000000,0x00000007c0c6b200,0x00000007c2180000)
 PSPermGen       total 32256K, used 15898K [0x00000007bae00000, 0x00000007bcd80000, 0x00000007c0000000)
  object space 32256K, 49% used [0x00000007bae00000,0x00000007bbd868b8,0x00000007bcd80000)
}
Event: 53.886 GC heap before
{Heap before GC invocations=96 (full 1):
 PSYoungGen      total 19456K, used 17568K [0x00000007eaa80000, 0x00000007ec000000, 0x0000000800000000)
  eden space 16896K, 100% used [0x00000007eaa80000,0x00000007ebb00000,0x00000007ebb00000)
  from space 2560K, 26% used [0x00000007ebd80000,0x00000007ebe28000,0x00000007ec000000)
  to   space 2560K, 0% used [0x00000007ebb00000,0x00000007ebb00000,0x00000007ebd80000)
 ParOldGen       total 34304K, used 12716K [0x00000007c0000000, 0x00000007c2180000, 0x00000007eaa80000)
  object space 34304K, 37% used [0x00000007c0000000,0x00000007c0c6b200,0x00000007c2180000)
 PSPermGen       total 32256K, used 15901K [0x00000007bae00000, 0x00000007bcd80000, 0x00000007c0000000)
  object space 32256K, 49% used [0x00000007bae00000,0x00000007bbd875a8,0x00000007bcd80000)
Event: 53.890 GC heap after
Heap after GC invocations=96 (full 1):
 PSYoungGen      total 19456K, used 640K [0x00000007eaa80000, 0x00000007ec000000, 0x0000000800000000)
  eden space 16896K, 0% used [0x00000007eaa80000,0x00000007eaa80000,0x00000007ebb00000)
  from space 2560K, 25% used [0x00000007ebb00000,0x00000007ebba0000,0x00000007ebd80000)
  to   space 2560K, 0% used [0x00000007ebd80000,0x00000007ebd80000,0x00000007ec000000)
 ParOldGen       total 34304K, used 12740K [0x00000007c0000000, 0x00000007c2180000, 0x00000007eaa80000)
  object space 34304K, 37% used [0x00000007c0000000,0x00000007c0c71200,0x00000007c2180000)
 PSPermGen       total 32256K, used 15901K [0x00000007bae00000, 0x00000007bcd80000, 0x00000007c0000000)
  object space 32256K, 49% used [0x00000007bae00000,0x00000007bbd875a8,0x00000007bcd80000)
}
Event: 54.672 GC heap before
{Heap before GC invocations=97 (full 1):
 PSYoungGen      total 19456K, used 17536K [0x00000007eaa80000, 0x00000007ec000000, 0x0000000800000000)
  eden space 16896K, 100% used [0x00000007eaa80000,0x00000007ebb00000,0x00000007ebb00000)
  from space 2560K, 25% used [0x00000007ebb00000,0x00000007ebba0000,0x00000007ebd80000)
  to   space 2560K, 0% used [0x00000007ebd80000,0x00000007ebd80000,0x00000007ec000000)
 ParOldGen       total 34304K, used 12740K [0x00000007c0000000, 0x00000007c2180000, 0x00000007eaa80000)
  object space 34304K, 37% used [0x00000007c0000000,0x00000007c0c71200,0x00000007c2180000)
 PSPermGen       total 32256K, used 15904K [0x00000007bae00000, 0x00000007bcd80000, 0x00000007c0000000)
  object space 32256K, 49% used [0x00000007bae00000,0x00000007bbd88290,0x00000007bcd80000)
Event: 54.676 GC heap after
Heap after GC invocations=97 (full 1):
 PSYoungGen      total 18432K, used 672K [0x00000007eaa80000, 0x00000007ebf00000, 0x0000000800000000)
  eden space 16896K, 0% used [0x00000007eaa80000,0x00000007eaa80000,0x00000007ebb00000)
  from space 1536K, 43% used [0x00000007ebd80000,0x00000007ebe28000,0x00000007ebf00000)
  to   space 2048K, 0% used [0x00000007ebb00000,0x00000007ebb00000,0x00000007ebd00000)
 ParOldGen       total 34304K, used 12764K [0x00000007c0000000, 0x00000007c2180000, 0x00000007eaa80000)
  object space 34304K, 37% used [0x00000007c0000000,0x00000007c0c77200,0x00000007c2180000)
 PSPermGen       total 32256K, used 15904K [0x00000007bae00000, 0x00000007bcd80000, 0x00000007c0000000)
  object space 32256K, 49% used [0x00000007bae00000,0x00000007bbd88290,0x00000007bcd80000)
}

